2023-04-02 22:43:47.023 [info] Added views:workbench.panel.markers.view in workbench.panel.markers
2023-04-02 22:43:47.023 [info] Added views:workbench.panel.output in workbench.panel.output
2023-04-02 22:43:47.023 [info] Added views:terminal in terminal
2023-04-02 22:43:47.023 [info] Added views:outline in workbench.view.explorer
2023-04-02 22:43:47.023 [info] Added views:workbench.scm in workbench.view.scm
2023-04-02 22:43:47.023 [info] Added views:workbench.view.search in workbench.view.search
2023-04-02 22:43:47.023 [info] Added views:timeline in workbench.view.explorer
2023-04-02 22:43:47.023 [info] Added views:workbench.explorer.fileView in workbench.view.explorer
2023-04-02 22:43:47.736 [info] Added views:workbench.debug.welcome in workbench.view.debug
2023-04-02 22:43:50.508 [info] Added views:workbench.panel.repl.view in workbench.panel.repl
2023-04-02 23:25:34.377 [info] Added views:workbench.panel.markers.view in workbench.panel.markers
2023-04-02 23:25:34.387 [info] Added views:workbench.panel.output in workbench.panel.output
2023-04-02 23:25:34.387 [info] Added views:terminal in terminal
2023-04-02 23:25:34.387 [info] Added views:outline in workbench.view.explorer
2023-04-02 23:25:34.387 [info] Added views:workbench.scm in workbench.view.scm
2023-04-02 23:25:34.387 [info] Added views:workbench.view.search in workbench.view.search
2023-04-02 23:25:34.387 [info] Added views:timeline in workbench.view.explorer
2023-04-02 23:25:34.387 [info] Added views:workbench.explorer.fileView in workbench.view.explorer
2023-04-02 23:25:35.632 [info] Added views:workbench.debug.variablesView,workbench.debug.watchExpressionsView,workbench.debug.callStackView,workbench.debug.breakPointsView in workbench.view.debug
2023-04-02 23:25:35.923 [info] Added views:workbench.panel.repl.view in workbench.panel.repl
2023-04-02 23:25:35.932 [info] Removed views:workbench.debug.breakPointsView,workbench.debug.callStackView,workbench.debug.watchExpressionsView,workbench.debug.variablesView from workbench.view.debug
2023-04-02 23:25:35.935 [info] Added views:workbench.debug.welcome in workbench.view.debug
