2023-03-28 11:35:34.236 [info] Added views:workbench.panel.markers.view in workbench.panel.markers
2023-03-28 11:35:34.236 [info] Added views:workbench.panel.output in workbench.panel.output
2023-03-28 11:35:34.236 [info] Added views:terminal in terminal
2023-03-28 11:35:34.236 [info] Added views:outline in workbench.view.explorer
2023-03-28 11:35:34.236 [info] Added views:workbench.scm in workbench.view.scm
2023-03-28 11:35:34.237 [info] Added views:workbench.view.search in workbench.view.search
2023-03-28 11:35:34.237 [info] Added views:timeline in workbench.view.explorer
2023-03-28 11:35:34.237 [info] Added views:workbench.explorer.emptyView in workbench.view.explorer
2023-03-28 11:35:34.994 [info] Added views:workbench.debug.variablesView,workbench.debug.watchExpressionsView,workbench.debug.callStackView,workbench.debug.breakPointsView in workbench.view.debug
2023-03-28 11:35:37.071 [info] Added views:workbench.panel.repl.view in workbench.panel.repl
2023-03-28 11:35:37.080 [info] Removed views:workbench.debug.breakPointsView,workbench.debug.callStackView,workbench.debug.watchExpressionsView,workbench.debug.variablesView from workbench.view.debug
2023-03-28 11:35:37.084 [info] Added views:workbench.debug.welcome in workbench.view.debug
2023-03-28 11:35:52.948 [info] Added views:workbench.views.extensions.installed,workbench.views.extensions.popular,extensions.recommendedList in workbench.view.extensions
2023-03-28 11:35:52.959 [info] Removed views:workbench.views.extensions.popular from workbench.view.extensions
2023-03-28 11:35:53.870 [info] Added views:workbench.views.extensions.popular in workbench.view.extensions
2023-03-28 11:35:57.622 [info] Removed views:extensions.recommendedList,workbench.views.extensions.popular,workbench.views.extensions.installed from workbench.view.extensions
2023-03-28 11:35:57.673 [info] Added views:workbench.views.extensions.marketplace in workbench.view.extensions
2023-03-28 11:36:16.171 [info] Removed views:workbench.views.extensions.marketplace from workbench.view.extensions
2023-03-28 11:36:16.211 [info] Added views:workbench.views.extensions.installed,workbench.views.extensions.popular,extensions.recommendedList in workbench.view.extensions
2023-03-28 11:36:20.833 [info] Removed views:extensions.recommendedList,workbench.views.extensions.popular,workbench.views.extensions.installed from workbench.view.extensions
2023-03-28 11:36:20.882 [info] Added views:workbench.views.extensions.marketplace in workbench.view.extensions
2023-03-28 11:37:31.043 [info] Added views:workbench.panel.markers.view in workbench.panel.markers
2023-03-28 11:37:31.043 [info] Added views:workbench.panel.output in workbench.panel.output
2023-03-28 11:37:31.043 [info] Added views:terminal in terminal
2023-03-28 11:37:31.043 [info] Added views:outline in workbench.view.explorer
2023-03-28 11:37:31.043 [info] Added views:workbench.scm in workbench.view.scm
2023-03-28 11:37:31.043 [info] Added views:workbench.view.search in workbench.view.search
2023-03-28 11:37:31.043 [info] Added views:timeline in workbench.view.explorer
2023-03-28 11:37:31.043 [info] Added views:workbench.explorer.fileView in workbench.view.explorer
2023-03-28 11:37:31.614 [info] Added views:workbench.debug.variablesView,workbench.debug.watchExpressionsView,workbench.debug.callStackView,workbench.debug.breakPointsView in workbench.view.debug
2023-03-28 11:37:32.763 [info] Added views:workbench.panel.repl.view in workbench.panel.repl
2023-03-28 11:37:32.766 [info] Removed views:workbench.debug.breakPointsView,workbench.debug.callStackView,workbench.debug.watchExpressionsView,workbench.debug.variablesView from workbench.view.debug
2023-03-28 11:37:32.768 [info] Added views:workbench.debug.welcome in workbench.view.debug
2023-03-28 11:37:55.355 [info] Added views:workbench.views.extensions.installed,workbench.views.extensions.popular,extensions.recommendedList in workbench.view.extensions
2023-03-28 11:37:55.366 [info] Removed views:workbench.views.extensions.popular from workbench.view.extensions
2023-03-28 11:37:58.741 [info] Removed views:extensions.recommendedList,workbench.views.extensions.installed from workbench.view.extensions
2023-03-28 11:37:58.809 [info] Added views:workbench.views.extensions.marketplace in workbench.view.extensions
