2023-03-28 11:35:37.035 [info] Starting worker process with pid 2807 (type: fileWatcher, window: 1).
2023-03-28 11:36:02.543 [info] Getting Manifest... silofy.hackthebox
2023-03-28 11:36:02.878 [info] Installing extension: silofy.hackthebox
2023-03-28 11:36:24.335 [info] Getting Manifest... esbenp.prettier-vscode
2023-03-28 11:36:24.560 [info] Extracted extension to /home/goku/.vscode-oss/extensions/.00bd8d43-6330-4217-8a98-7ba28106520a: silofy.hackthebox
2023-03-28 11:36:24.574 [info] Renamed to /home/goku/.vscode-oss/extensions/silofy.hackthebox-0.2.9-universal
2023-03-28 11:36:24.577 [info] Extracting extension completed. silofy.hackthebox
2023-03-28 11:36:24.600 [info] Extension installed successfully: silofy.hackthebox
2023-03-28 11:36:24.607 [info] Installing extension: esbenp.prettier-vscode
2023-03-28 11:36:35.861 [info] Extracted extension to /home/goku/.vscode-oss/extensions/.b8651857-3ac5-49b6-93a6-d546151e4b2a: esbenp.prettier-vscode
2023-03-28 11:36:35.873 [info] Renamed to /home/goku/.vscode-oss/extensions/esbenp.prettier-vscode-9.10.4-universal
2023-03-28 11:36:35.882 [info] Extracting extension completed. esbenp.prettier-vscode
2023-03-28 11:36:35.905 [info] Extension installed successfully: esbenp.prettier-vscode
2023-03-28 11:36:58.827 [info] Getting Manifest... vscode-icons-team.vscode-icons
2023-03-28 11:36:59.073 [info] Installing extension: vscode-icons-team.vscode-icons
2023-03-28 11:37:07.653 [info] Extracted extension to /home/goku/.vscode-oss/extensions/.54b93f2f-10c1-46fe-b17b-89f1eb0bec35: vscode-icons-team.vscode-icons
2023-03-28 11:37:07.666 [info] Renamed to /home/goku/.vscode-oss/extensions/vscode-icons-team.vscode-icons-12.2.0-universal
2023-03-28 11:37:07.672 [info] Extracting extension completed. vscode-icons-team.vscode-icons
2023-03-28 11:37:07.691 [info] Extension installed successfully: vscode-icons-team.vscode-icons
2023-03-28 11:37:28.756 [info] Worker process with pid 2807 terminated normally (type: fileWatcher, window: 1).
2023-03-28 11:37:31.275 [info] Starting worker process with pid 2895 (type: fileWatcher, window: 1).
2023-03-28 11:38:03.514 [info] Getting Manifest... formulahendry.code-runner
2023-03-28 11:38:03.761 [info] Installing extension: formulahendry.code-runner
2023-03-28 11:38:08.412 [info] Extracted extension to /home/goku/.vscode-oss/extensions/.ebcb1bad-8a89-46eb-9780-b790b2e730db: formulahendry.code-runner
2023-03-28 11:38:08.426 [info] Renamed to /home/goku/.vscode-oss/extensions/formulahendry.code-runner-0.12.0-universal
2023-03-28 11:38:08.431 [info] Extracting extension completed. formulahendry.code-runner
2023-03-28 11:38:08.456 [info] Extension installed successfully: formulahendry.code-runner
