2023-03-28 11:35:37.726 [info] Log level: Info
2023-03-28 11:35:37.726 [info] Validating found git in: "git"
2023-03-28 11:35:37.726 [info] Using git "2.40.0" from "git"
2023-03-28 11:37:37.630 [info] Log level: Info
2023-03-28 11:37:37.630 [info] Validating found git in: "git"
2023-03-28 11:37:37.630 [info] Using git "2.40.0" from "git"
2023-03-28 11:37:37.630 [info] > git rev-parse --show-toplevel [7ms]
2023-03-28 11:37:37.630 [info] fatal: not a git repository (or any of the parent directories): .git
2023-03-28 11:37:37.632 [info] > git rev-parse --show-toplevel [11ms]
2023-03-28 11:37:37.632 [info] fatal: not a git repository (or any of the parent directories): .git
2023-03-28 11:37:37.644 [info] > git rev-parse --show-toplevel [3ms]
2023-03-28 11:37:37.644 [info] fatal: not a git repository (or any of the parent directories): .git
2023-03-28 11:37:37.661 [info] > git rev-parse --show-toplevel [5ms]
2023-03-28 11:37:37.661 [info] fatal: not a git repository (or any of the parent directories): .git
2023-03-28 11:37:37.675 [info] > git rev-parse --show-toplevel [3ms]
2023-03-28 11:37:37.676 [info] fatal: not a git repository (or any of the parent directories): .git
2023-03-28 11:37:37.687 [info] > git rev-parse --show-toplevel [1ms]
2023-03-28 11:37:37.687 [info] fatal: not a git repository (or any of the parent directories): .git
2023-03-28 11:37:37.698 [info] > git rev-parse --show-toplevel [2ms]
2023-03-28 11:37:37.698 [info] fatal: not a git repository (or any of the parent directories): .git
2023-03-28 11:37:37.708 [info] > git rev-parse --show-toplevel [2ms]
2023-03-28 11:37:37.708 [info] fatal: not a git repository (or any of the parent directories): .git
2023-03-28 11:37:37.724 [info] > git rev-parse --show-toplevel [2ms]
2023-03-28 11:37:37.725 [info] fatal: not a git repository (or any of the parent directories): .git
2023-03-28 11:37:37.737 [info] > git rev-parse --show-toplevel [1ms]
2023-03-28 11:37:37.737 [info] fatal: not a git repository (or any of the parent directories): .git
2023-03-28 11:37:37.749 [info] > git rev-parse --show-toplevel [2ms]
2023-03-28 11:37:37.749 [info] fatal: not a git repository (or any of the parent directories): .git
2023-03-28 11:37:37.759 [info] > git rev-parse --show-toplevel [2ms]
2023-03-28 11:37:37.759 [info] fatal: not a git repository (or any of the parent directories): .git
2023-03-28 11:37:37.770 [info] > git rev-parse --show-toplevel [1ms]
2023-03-28 11:37:37.770 [info] fatal: not a git repository (or any of the parent directories): .git
2023-03-28 11:37:37.782 [info] > git rev-parse --show-toplevel [1ms]
2023-03-28 11:37:37.782 [info] fatal: not a git repository (or any of the parent directories): .git
2023-03-28 11:37:37.792 [info] > git rev-parse --show-toplevel [1ms]
2023-03-28 11:37:37.792 [info] fatal: not a git repository (or any of the parent directories): .git
2023-03-28 11:37:37.802 [info] > git rev-parse --show-toplevel [2ms]
2023-03-28 11:37:37.802 [info] fatal: not a git repository (or any of the parent directories): .git
2023-03-28 11:37:37.812 [info] > git rev-parse --show-toplevel [2ms]
2023-03-28 11:37:37.812 [info] fatal: not a git repository (or any of the parent directories): .git
2023-03-28 11:37:37.825 [info] > git rev-parse --show-toplevel [2ms]
2023-03-28 11:37:37.825 [info] fatal: not a git repository (or any of the parent directories): .git
2023-03-28 11:37:37.837 [info] > git rev-parse --show-toplevel [2ms]
2023-03-28 11:37:37.837 [info] fatal: not a git repository (or any of the parent directories): .git
2023-03-28 11:37:42.953 [info] > git rev-parse --show-toplevel [20ms]
2023-03-28 11:37:42.953 [info] fatal: not a git repository (or any of the parent directories): .git
2023-03-28 11:37:46.126 [info] > git rev-parse --show-toplevel [17ms]
2023-03-28 11:37:46.126 [info] fatal: not a git repository (or any of the parent directories): .git
2023-03-28 11:38:09.027 [info] > git rev-parse --show-toplevel [12ms]
2023-03-28 11:38:09.027 [info] fatal: not a git repository (or any of the parent directories): .git
2023-03-28 11:38:14.509 [info] > git rev-parse --show-toplevel [4ms]
2023-03-28 11:38:14.510 [info] fatal: not a git repository (or any of the parent directories): .git
2023-03-28 11:38:28.413 [info] > git rev-parse --show-toplevel [5ms]
2023-03-28 11:38:28.413 [info] fatal: not a git repository (or any of the parent directories): .git
2023-03-28 11:38:29.938 [info] > git rev-parse --show-toplevel [2ms]
2023-03-28 11:38:29.938 [info] fatal: not a git repository (or any of the parent directories): .git
2023-03-28 11:38:31.906 [info] > git rev-parse --show-toplevel [3ms]
2023-03-28 11:38:31.906 [info] fatal: not a git repository (or any of the parent directories): .git
2023-03-28 11:38:44.560 [info] > git rev-parse --show-toplevel [16ms]
2023-03-28 11:38:44.560 [info] fatal: not a git repository (or any of the parent directories): .git
2023-03-28 11:38:59.354 [info] > git rev-parse --show-toplevel [4ms]
2023-03-28 11:38:59.354 [info] fatal: not a git repository (or any of the parent directories): .git
2023-03-28 11:41:31.005 [info] > git rev-parse --show-toplevel [3ms]
2023-03-28 11:41:31.005 [info] fatal: not a git repository (or any of the parent directories): .git
2023-03-28 11:51:15.047 [info] > git rev-parse --show-toplevel [3ms]
2023-03-28 11:51:15.047 [info] fatal: Unable to read current working directory: No such file or directory
2023-03-28 11:57:58.855 [info] > git rev-parse --show-toplevel [2ms]
2023-03-28 11:57:58.872 [info] > git rev-parse --git-dir --git-common-dir [2ms]
2023-03-28 11:57:58.910 [info] Open repository: /home/goku/.config/xmobar/icon/xpm-status-icons
2023-03-28 11:57:58.935 [info] > git config --get commit.template [11ms]
2023-03-28 11:57:58.935 [info] > git for-each-ref --format=%(refname)%00%(upstream:short)%00%(objectname)%00%(upstream:track)%00%(upstream:remotename)%00%(upstream:remoteref) refs/heads/master refs/remotes/master [3ms]
2023-03-28 11:57:58.950 [info] > git status -z -uall [6ms]
2023-03-28 11:57:58.978 [info] > git config --get commit.template [9ms]
2023-03-28 11:57:58.980 [info] > git for-each-ref --format=%(refname)%00%(upstream:short)%00%(objectname)%00%(upstream:track)%00%(upstream:remotename)%00%(upstream:remoteref) refs/heads/master refs/remotes/master [3ms]
2023-03-28 11:57:58.993 [info] > git status -z -uall [6ms]
2023-03-28 12:00:15.641 [info] > git config --get commit.template [2ms]
2023-03-28 12:00:15.658 [info] > git for-each-ref --format=%(refname)%00%(upstream:short)%00%(objectname)%00%(upstream:track)%00%(upstream:remotename)%00%(upstream:remoteref) refs/heads/master refs/remotes/master [4ms]
2023-03-28 12:00:15.679 [info] > git status -z -uall [5ms]
2023-03-28 12:00:24.372 [info] > git rev-parse --show-toplevel [2ms]
2023-03-28 12:00:24.372 [info] fatal: not a git repository (or any of the parent directories): .git
2023-03-28 12:00:24.919 [info] > git check-ignore -v -z --stdin [4ms]
2023-03-28 12:00:31.508 [info] > git check-ignore -v -z --stdin [2ms]
2023-03-28 12:00:33.337 [info] > git check-ignore -v -z --stdin [2ms]
2023-03-28 12:01:15.929 [warning] ENOENT: no such file or directory, open '/home/goku/.config/xmobar/icon/xpm-status-icons/.git/HEAD'
2023-03-28 12:01:15.949 [warning] getRemotes() - ENOENT: no such file or directory, open '/home/goku/.config/xmobar/icon/xpm-status-icons/.git/config'
2023-03-28 12:01:15.974 [warning] ENOENT: no such file or directory, open '/home/goku/.config/xmobar/icon/xpm-status-icons/.git/HEAD'
2023-03-28 12:01:15.989 [warning] getRemotes() - ENOENT: no such file or directory, open '/home/goku/.config/xmobar/icon/xpm-status-icons/.git/config'
