2023-04-02 22:43:51.915 [info] Log level: Info
2023-04-02 22:43:51.915 [info] Validating found git in: "git"
2023-04-02 22:43:51.915 [info] Using git "2.40.0" from "git"
2023-04-02 22:43:51.915 [info] > git rev-parse --show-toplevel [23ms]
2023-04-02 22:43:51.915 [info] fatal: not a git repository (or any of the parent directories): .git
2023-04-02 22:43:51.915 [info] > git rev-parse --show-toplevel [6ms]
2023-04-02 22:43:51.915 [info] fatal: not a git repository (or any of the parent directories): .git
2023-04-02 22:43:51.915 [info] > git rev-parse --show-toplevel [1ms]
2023-04-02 22:43:51.915 [info] fatal: not a git repository (or any of the parent directories): .git
2023-04-02 22:43:51.915 [info] > git rev-parse --show-toplevel [686ms]
2023-04-02 22:43:51.915 [info] fatal: not a git repository (or any of the parent directories): .git
2023-04-02 22:43:51.948 [info] > git rev-parse --show-toplevel [35ms]
2023-04-02 22:43:51.948 [info] fatal: not a git repository (or any of the parent directories): .git
2023-04-02 22:43:52.173 [info] > git rev-parse --show-toplevel [202ms]
2023-04-02 22:43:52.173 [info] fatal: not a git repository (or any of the parent directories): .git
2023-04-02 22:43:52.192 [info] > git rev-parse --show-toplevel [8ms]
2023-04-02 22:43:52.193 [info] fatal: not a git repository (or any of the parent directories): .git
2023-04-02 22:43:52.718 [info] > git rev-parse --show-toplevel [514ms]
2023-04-02 22:43:52.718 [info] fatal: not a git repository (or any of the parent directories): .git
2023-04-02 22:43:52.732 [info] > git rev-parse --show-toplevel [5ms]
2023-04-02 22:43:52.732 [info] fatal: not a git repository (or any of the parent directories): .git
2023-04-02 22:43:52.749 [info] > git rev-parse --show-toplevel [5ms]
2023-04-02 22:43:52.749 [info] fatal: not a git repository (or any of the parent directories): .git
2023-04-02 22:43:52.771 [info] > git rev-parse --show-toplevel [12ms]
2023-04-02 22:43:52.771 [info] fatal: not a git repository (or any of the parent directories): .git
2023-04-02 22:43:53.049 [info] > git rev-parse --show-toplevel [266ms]
2023-04-02 22:43:53.049 [info] fatal: not a git repository (or any of the parent directories): .git
2023-04-02 22:43:53.187 [info] > git rev-parse --show-toplevel [130ms]
2023-04-02 22:43:53.187 [info] fatal: not a git repository (or any of the parent directories): .git
2023-04-02 22:43:53.204 [info] > git rev-parse --show-toplevel [4ms]
2023-04-02 22:43:53.204 [info] fatal: not a git repository (or any of the parent directories): .git
2023-04-02 22:43:53.222 [info] > git rev-parse --show-toplevel [6ms]
2023-04-02 22:43:53.222 [info] fatal: not a git repository (or any of the parent directories): .git
2023-04-02 22:43:53.244 [info] > git rev-parse --show-toplevel [8ms]
2023-04-02 22:43:53.244 [info] fatal: not a git repository (or any of the parent directories): .git
2023-04-02 22:43:53.265 [info] > git rev-parse --show-toplevel [4ms]
2023-04-02 22:43:53.265 [info] fatal: not a git repository (or any of the parent directories): .git
2023-04-02 22:43:53.280 [info] > git rev-parse --show-toplevel [3ms]
2023-04-02 22:43:53.281 [info] fatal: not a git repository (or any of the parent directories): .git
2023-04-02 22:43:53.295 [info] > git rev-parse --show-toplevel [2ms]
2023-04-02 22:43:53.295 [info] fatal: not a git repository (or any of the parent directories): .git
2023-04-02 22:43:53.311 [info] > git rev-parse --show-toplevel [2ms]
2023-04-02 22:43:53.311 [info] fatal: not a git repository (or any of the parent directories): .git
2023-04-02 22:43:53.323 [info] > git rev-parse --show-toplevel [3ms]
2023-04-02 22:43:53.323 [info] fatal: not a git repository (or any of the parent directories): .git
2023-04-02 22:43:53.672 [info] > git rev-parse --show-toplevel [337ms]
2023-04-02 22:43:53.673 [info] fatal: not a git repository (or any of the parent directories): .git
2023-04-02 22:43:59.228 [info] > git rev-parse --show-toplevel [14ms]
2023-04-02 22:43:59.246 [info] > git rev-parse --git-dir --git-common-dir [3ms]
2023-04-02 22:43:59.274 [info] Open repository: /home/goku/git/RedditVideoGenerator
2023-04-02 22:43:59.312 [info] > git config --get commit.template [17ms]
2023-04-02 22:43:59.313 [info] > git for-each-ref --format=%(refname)%00%(upstream:short)%00%(objectname)%00%(upstream:track)%00%(upstream:remotename)%00%(upstream:remoteref) refs/heads/master refs/remotes/master [3ms]
2023-04-02 22:43:59.327 [info] > git status -z -uall [4ms]
2023-04-02 22:43:59.364 [info] > git for-each-ref --format=%(refname)%00%(upstream:short)%00%(objectname)%00%(upstream:track)%00%(upstream:remotename)%00%(upstream:remoteref) refs/heads/master refs/remotes/master [8ms]
2023-04-02 22:43:59.364 [info] > git config --get commit.template [18ms]
2023-04-02 22:43:59.378 [info] > git status -z -uall [5ms]
2023-04-02 22:43:59.734 [info] > git show --textconv :main.py [17ms]
2023-04-02 22:43:59.740 [info] > git ls-files --stage -- /home/goku/git/RedditVideoGenerator/main.py [7ms]
2023-04-02 22:43:59.757 [info] > git cat-file -s a8cc3abe46612cb6c0a217a1045a1070f1db7d1d [3ms]
2023-04-02 22:43:59.968 [info] > git check-ignore -v -z --stdin [4ms]
2023-04-02 22:44:16.203 [info] > git rev-parse --show-toplevel [11ms]
2023-04-02 22:44:16.204 [info] fatal: not a git repository (or any of the parent directories): .git
2023-04-02 22:45:04.847 [info] > git show --textconv :config.example.ini [11ms]
2023-04-02 22:45:04.848 [info] > git ls-files --stage -- /home/goku/git/RedditVideoGenerator/config.example.ini [3ms]
2023-04-02 22:45:04.860 [info] > git cat-file -s de17bb03bc662e7cb45888af5c10344a48f53412 [3ms]
2023-04-02 22:45:11.083 [info] > git show --textconv :main.py [13ms]
2023-04-02 22:45:11.086 [info] > git ls-files --stage -- /home/goku/git/RedditVideoGenerator/main.py [4ms]
2023-04-02 22:45:11.101 [info] > git cat-file -s a8cc3abe46612cb6c0a217a1045a1070f1db7d1d [2ms]
2023-04-02 22:45:11.625 [info] > git show --textconv :markdown_to_text.py [12ms]
2023-04-02 22:45:11.625 [info] > git ls-files --stage -- /home/goku/git/RedditVideoGenerator/markdown_to_text.py [1ms]
2023-04-02 22:45:11.638 [info] > git cat-file -s 779e52a294b17b52c03518489ecc10ac0fab0244 [3ms]
2023-04-02 22:45:12.770 [info] > git show --textconv :reddit.py [9ms]
2023-04-02 22:45:12.773 [info] > git ls-files --stage -- /home/goku/git/RedditVideoGenerator/reddit.py [4ms]
2023-04-02 22:45:12.783 [info] > git cat-file -s ec6786f4cc427de73e982b4c0032775663eb069b [3ms]
2023-04-02 22:46:47.365 [info] > git show --textconv :main.py [12ms]
2023-04-02 22:46:47.368 [info] > git ls-files --stage -- /home/goku/git/RedditVideoGenerator/main.py [5ms]
2023-04-02 22:46:47.383 [info] > git cat-file -s a8cc3abe46612cb6c0a217a1045a1070f1db7d1d [2ms]
2023-04-02 23:00:38.615 [info] > git config --get commit.template [14ms]
2023-04-02 23:00:38.617 [info] > git for-each-ref --format=%(refname)%00%(upstream:short)%00%(objectname)%00%(upstream:track)%00%(upstream:remotename)%00%(upstream:remoteref) refs/heads/master refs/remotes/master [3ms]
2023-04-02 23:00:38.634 [info] > git status -z -uall [4ms]
2023-04-02 23:00:38.798 [info] > git check-ignore -v -z --stdin [1ms]
2023-04-02 23:01:56.971 [info] > git config --get commit.template [14ms]
2023-04-02 23:01:56.980 [info] > git for-each-ref --format=%(refname)%00%(upstream:short)%00%(objectname)%00%(upstream:track)%00%(upstream:remotename)%00%(upstream:remoteref) refs/heads/master refs/remotes/master [10ms]
2023-04-02 23:01:56.998 [info] > git status -z -uall [4ms]
2023-04-02 23:03:24.040 [info] > git show --textconv :config.ini [13ms]
2023-04-02 23:03:24.044 [info] > git ls-files --stage -- /home/goku/git/RedditVideoGenerator/config.ini [5ms]
2023-04-02 23:03:28.851 [info] > git show --textconv :main.py [10ms]
2023-04-02 23:03:28.854 [info] > git ls-files --stage -- /home/goku/git/RedditVideoGenerator/main.py [3ms]
2023-04-02 23:03:28.865 [info] > git cat-file -s a8cc3abe46612cb6c0a217a1045a1070f1db7d1d [2ms]
2023-04-02 23:03:39.316 [info] > git show --textconv :config.example.ini [10ms]
2023-04-02 23:03:39.321 [info] > git ls-files --stage -- /home/goku/git/RedditVideoGenerator/config.example.ini [6ms]
2023-04-02 23:03:39.342 [info] > git cat-file -s de17bb03bc662e7cb45888af5c10344a48f53412 [3ms]
2023-04-02 23:03:47.494 [info] > git show --textconv :config.ini [17ms]
2023-04-02 23:03:47.497 [info] > git ls-files --stage -- /home/goku/git/RedditVideoGenerator/config.ini [5ms]
2023-04-02 23:03:53.159 [info] > git show --textconv :main.py [11ms]
2023-04-02 23:03:53.161 [info] > git ls-files --stage -- /home/goku/git/RedditVideoGenerator/main.py [2ms]
2023-04-02 23:03:53.176 [info] > git cat-file -s a8cc3abe46612cb6c0a217a1045a1070f1db7d1d [5ms]
2023-04-02 23:08:04.770 [info] > git config --get commit.template [16ms]
2023-04-02 23:08:04.771 [info] > git for-each-ref --format=%(refname)%00%(upstream:short)%00%(objectname)%00%(upstream:track)%00%(upstream:remotename)%00%(upstream:remoteref) refs/heads/master refs/remotes/master [3ms]
2023-04-02 23:08:04.786 [info] > git status -z -uall [4ms]
2023-04-02 23:25:09.141 [warning] ENOENT: no such file or directory, open '/home/goku/git/RedditVideoGenerator/.git/HEAD'
2023-04-02 23:25:09.170 [warning] getRemotes() - ENOENT: no such file or directory, open '/home/goku/git/RedditVideoGenerator/.git/config'
2023-04-02 23:25:09.192 [warning] ENOENT: no such file or directory, open '/home/goku/git/RedditVideoGenerator/.git/HEAD'
2023-04-02 23:25:09.214 [warning] getRemotes() - ENOENT: no such file or directory, open '/home/goku/git/RedditVideoGenerator/.git/config'
2023-04-02 23:25:36.463 [info] Log level: Info
2023-04-02 23:25:36.463 [info] Validating found git in: "git"
2023-04-02 23:25:36.463 [info] Using git "2.40.0" from "git"
2023-04-02 23:25:36.463 [info] > git rev-parse --show-toplevel [8ms]
2023-04-02 23:25:36.463 [info] fatal: not a git repository (or any of the parent directories): .git
2023-04-02 23:25:36.463 [info] > git rev-parse --show-toplevel [2ms]
2023-04-02 23:25:36.463 [info] fatal: not a git repository (or any of the parent directories): .git
2023-04-02 23:25:37.298 [info] > git rev-parse --show-toplevel [333ms]
2023-04-02 23:25:37.298 [info] fatal: not a git repository (or any of the parent directories): .git
2023-04-02 23:25:45.828 [info] > git rev-parse --show-toplevel [28ms]
2023-04-02 23:25:45.828 [info] fatal: not a git repository (or any of the parent directories): .git
