# Generated by crontab

Script executed at Sun Dec 17 02:15:01 PM IST 2023
The files are identical.
 -----------------------------------------------

Script executed at Sun Dec 17 02:16:02 PM IST 2023
The files are identical.
 -----------------------------------------------

Script executed at Sun Dec 17 02:17:01 PM IST 2023
The files are identical.
 -----------------------------------------------

Script executed at Sun Dec 17 02:18:01 PM IST 2023
The files are identical.
 -----------------------------------------------

Script executed at Sun Dec 17 02:19:01 PM IST 2023
The files are identical.
 -----------------------------------------------

Script executed at Sun Dec 17 02:20:01 PM IST 2023
The files are identical.
 -----------------------------------------------

Script executed at Sun Dec 17 02:21:01 PM IST 2023
The files are identical.
 -----------------------------------------------

Script executed at Sun Dec 17 02:22:01 PM IST 2023
The files are identical.
 -----------------------------------------------

Script executed at Sun Dec 17 02:23:01 PM IST 2023
The files are identical.
 -----------------------------------------------

Script executed at Sun Dec 17 02:24:01 PM IST 2023
The files are identical.
 -----------------------------------------------

Script executed at Sun Dec 17 02:25:01 PM IST 2023
The files are identical.
 -----------------------------------------------

Script executed at Sun Dec 17 02:26:01 PM IST 2023
The files are identical.
 -----------------------------------------------

Script executed at Sun Dec 17 02:27:01 PM IST 2023
The files are identical.
 -----------------------------------------------

Script executed at Sun Dec 17 02:28:01 PM IST 2023
The files are identical.
 -----------------------------------------------

Script executed at Sun Dec 17 02:29:01 PM IST 2023
The files are identical.
 -----------------------------------------------

Script executed at Sun Dec 17 02:30:01 PM IST 2023
The files are identical.
 -----------------------------------------------

Script executed at Sun Dec 17 02:31:01 PM IST 2023
The files are identical.
 -----------------------------------------------

Script executed at Sun Dec 17 02:32:01 PM IST 2023
The files are identical.
 -----------------------------------------------

Script executed at Sun Dec 17 02:33:01 PM IST 2023
The files are identical.
 -----------------------------------------------

Script executed at Sun Dec 17 02:34:01 PM IST 2023
The files are identical.
 -----------------------------------------------

Script executed at Sun Dec 17 02:35:01 PM IST 2023
The files are identical.
 -----------------------------------------------

Script executed at Sun Dec 17 02:36:01 PM IST 2023
The files are identical.
 -----------------------------------------------

Script executed at Sun Dec 17 02:37:01 PM IST 2023
The files are identical.
 -----------------------------------------------

Script executed at Sun Dec 17 02:38:01 PM IST 2023
The files are identical.
 -----------------------------------------------

Script executed at Sun Dec 17 02:39:01 PM IST 2023
The files are identical.
 -----------------------------------------------

Script executed at Sun Dec 17 02:40:01 PM IST 2023
The files are identical.
 -----------------------------------------------

Script executed at Sun Dec 17 02:41:01 PM IST 2023
The files are identical.
 -----------------------------------------------

Script executed at Sun Dec 17 02:42:01 PM IST 2023
The files are identical.
 -----------------------------------------------

Script executed at Sun Dec 17 02:43:01 PM IST 2023
The files are identical.
 -----------------------------------------------

Script executed at Sun Dec 17 02:44:01 PM IST 2023
The files are identical.
 -----------------------------------------------

Script executed at Sun Dec 17 02:45:01 PM IST 2023
The files are identical.
 -----------------------------------------------

Script executed at Sun Dec 17 02:46:02 PM IST 2023
The files are identical.
 -----------------------------------------------

Script executed at Sun Dec 17 02:47:01 PM IST 2023
The files are identical.
 -----------------------------------------------

Script executed at Sun Dec 17 02:48:01 PM IST 2023
The files are identical.
 -----------------------------------------------

Script executed at Sun Dec 17 02:49:01 PM IST 2023
The files are identical.
 -----------------------------------------------

Script executed at Sun Dec 17 03:00:01 PM IST 2023
The files are identical.
 -----------------------------------------------

Script executed at Sun Dec 17 04:00:01 PM IST 2023
The files are identical.
 -----------------------------------------------

Script executed at Sun Dec 17 05:00:01 PM IST 2023
The files are different.
 -----------------------------------------------

Script executed at Sun Dec 17 06:00:01 PM IST 2023
The files are different.
 -----------------------------------------------

Script executed at Sun Dec 17 07:00:01 PM IST 2023
The files are identical.
 -----------------------------------------------

Script executed at Sun Dec 17 08:00:01 PM IST 2023
The files are identical.
 -----------------------------------------------

Script executed at Sun Dec 17 09:00:01 PM IST 2023
The files are identical.
 -----------------------------------------------

Script executed at Sun Dec 17 10:00:01 PM IST 2023
The files are identical.
 -----------------------------------------------

Script executed at Sun Dec 17 11:00:02 PM IST 2023
The files are identical.
 -----------------------------------------------

Script executed at Mon Dec 18 12:00:01 AM IST 2023
The files are identical.
 -----------------------------------------------

Script executed at Mon Dec 18 11:00:01 AM IST 2023
The files are identical.
 -----------------------------------------------

Script executed at Mon Dec 18 12:00:01 PM IST 2023
The files are identical.
 -----------------------------------------------

Script executed at Mon Dec 18 01:00:01 PM IST 2023
The files are identical.
 -----------------------------------------------

Script executed at Mon Dec 18 02:00:01 PM IST 2023
The files are identical.
 -----------------------------------------------

Script executed at Mon Dec 18 03:00:02 PM IST 2023
The files are identical.
 -----------------------------------------------

Script executed at Mon Dec 18 04:00:01 PM IST 2023
The files are identical.
 -----------------------------------------------
