2023-04-02 22:43:50.249 [info] Extension host with pid 17188 started
2023-04-02 22:43:50.249 [info] Skipping acquiring lock for /home/goku/.config/Code - OSS/User/workspaceStorage/1277e2bb7364158d0ca1cbaf48ddeb9c.
2023-04-02 22:43:50.521 [info] ExtensionService#_doActivateExtension vscode.emmet, startup: false, activationEvent: 'onLanguage'
2023-04-02 22:43:50.670 [info] ExtensionService#_doActivateExtension vscode.git-base, startup: true, activationEvent: '*', root cause: vscode.git
2023-04-02 22:43:50.746 [info] ExtensionService#_doActivateExtension vscode.git, startup: true, activationEvent: '*'
2023-04-02 22:43:50.746 [info] ExtensionService#_doActivateExtension vscode.github, startup: true, activationEvent: '*'
2023-04-02 22:43:51.124 [info] Eager extensions activated
2023-04-02 22:43:51.223 [info] ExtensionService#_doActivateExtension vscode.debug-auto-launch, startup: false, activationEvent: 'onStartupFinished'
2023-04-02 22:43:51.224 [info] ExtensionService#_doActivateExtension vscode.merge-conflict, startup: false, activationEvent: 'onStartupFinished'
2023-04-02 22:43:51.224 [info] ExtensionService#_doActivateExtension vscode.npm, startup: false, activationEvent: 'onStartupFinished', root cause: esbenp.prettier-vscode
2023-04-02 22:43:51.225 [info] ExtensionService#_doActivateExtension formulahendry.code-runner, startup: false, activationEvent: 'onStartupFinished'
2023-04-02 22:43:51.225 [info] ExtensionService#_doActivateExtension vscode-icons-team.vscode-icons, startup: false, activationEvent: 'onStartupFinished'
2023-04-02 22:43:52.785 [info] ExtensionService#_doActivateExtension esbenp.prettier-vscode, startup: false, activationEvent: 'onStartupFinished'
2023-04-02 23:25:31.778 [info] Extension host terminating: received terminate message from renderer
2023-04-02 23:25:31.800 [info] Extension host with pid 17188 exiting with code 0
2023-04-02 23:25:35.809 [info] Extension host with pid 19487 started
2023-04-02 23:25:35.809 [info] Skipping acquiring lock for /home/goku/.config/Code - OSS/User/workspaceStorage/750c1c0c2031f04145690c88fb133ff4.
2023-04-02 23:25:35.960 [info] ExtensionService#_doActivateExtension vscode.git-base, startup: true, activationEvent: '*', root cause: vscode.git
2023-04-02 23:25:35.987 [info] ExtensionService#_doActivateExtension vscode.git, startup: true, activationEvent: '*'
2023-04-02 23:25:35.987 [info] ExtensionService#_doActivateExtension vscode.github, startup: true, activationEvent: '*'
2023-04-02 23:25:36.125 [info] Eager extensions activated
2023-04-02 23:25:36.232 [info] ExtensionService#_doActivateExtension vscode.debug-auto-launch, startup: false, activationEvent: 'onStartupFinished'
2023-04-02 23:25:36.233 [info] ExtensionService#_doActivateExtension vscode.merge-conflict, startup: false, activationEvent: 'onStartupFinished'
2023-04-02 23:25:36.234 [info] ExtensionService#_doActivateExtension vscode.npm, startup: false, activationEvent: 'onStartupFinished', root cause: esbenp.prettier-vscode
2023-04-02 23:25:36.234 [info] ExtensionService#_doActivateExtension formulahendry.code-runner, startup: false, activationEvent: 'onStartupFinished'
2023-04-02 23:25:36.235 [info] ExtensionService#_doActivateExtension vscode-icons-team.vscode-icons, startup: false, activationEvent: 'onStartupFinished'
2023-04-02 23:25:37.300 [info] ExtensionService#_doActivateExtension esbenp.prettier-vscode, startup: false, activationEvent: 'onStartupFinished'
2023-04-02 23:25:45.651 [info] ExtensionService#_doActivateExtension vscode.emmet, startup: false, activationEvent: 'onLanguage'
2023-04-02 23:32:23.451 [info] Extension host terminating: received terminate message from renderer
2023-04-02 23:32:23.472 [info] Extension host with pid 19487 exiting with code 0
